Sat, Sep 13, 2025  1:05:08 AM: 
 hashmap.c | 91 ++++++++++++++++++++++++++++++++++++++++++++++++++++-----------
 1 file changed, 75 insertions(+), 16 deletions(-)
Compilation failed
eeef3b7
Sat, Sep 13, 2025  1:05:36 AM: 
Compilation failed
c46afa0
Sat, Sep 13, 2025  3:02:58 AM: 
Compilation failed
test.c:8:8: error: '_strdup' redeclared without dllimport attribute: previous dllimport ignored [-Werror=attributes]
    8 | char * _strdup(const char * str) {
      |        ^~~~~~~
test.c: In function 'enlarge_test':
test.c:442:9: error: 'sprintf' argument 3 overlaps destination object 'msg' [-Werror=restrict]
  442 |         sprintf(msg,"%.100s\nbut should be: \nvalue3  (null)  (null)  (null)  value4  (null)  value2  value1  value0  (null)  (null)  (null)  value5  (null)  (null)  (null)  (null)  (null)  (null)  (null)",msg);
      |         ^~~~~~~~~~~~~~~~~~~~~~~~~~~~~~~~~~~~~~~~~~~~~~~~~~~~~~~~~~~~~~~~~~~~~~~~~~~~~~~~~~~~~~~~~~~~~~~~~~~~~~~~~~~~~~~~~~~~~~~~~~~~~~~~~~~~~~~~~~~~~~~~~~~~~~~~~~~~~~~~~~~~~~~~~~~~~~~~~~~~~~~~~~~~~~~~~~~~~~~~~~
test.c:14:6: note: destination object referenced by 'restrict'-qualified argument 1 was declared here
   14 | char msg[300];
      |      ^~~
test.c:439:18: error: 'sprintf' argument 3 overlaps destination object 'msg' [-Werror=restrict]
  439 |             else sprintf(msg,"%.100s%s  ", msg, (char*)map->buckets[i]->value);
      |                  ^~~~~~~~~~~~~~~~~~~~~~~~~~~~~~~~~~~~~~~~~~~~~~~~~~~~~~~~~~~~~
test.c:14:6: note: destination object referenced by 'restrict'-qualified argument 1 was declared here
   14 | char msg[300];
      |      ^~~
test.c:438:39: error: 'sprintf' argument 3 overlaps destination object 'msg' [-Werror=restrict]
  438 |             if(map->buckets[i]==NULL) sprintf(msg,"%.100s(null)  ",msg);
      |                                       ^~~~~~~~~~~~~~~~~~~~~~~~~~~~~~~~~
test.c:14:6: note: destination object referenced by 'restrict'-qualified argument 1 was declared here
   14 | char msg[300];
      |      ^~~
cc1.exe: all warnings being treated as errors
50b31eb
Sat, Sep 13, 2025  3:03:14 AM: 
Compilation failed
test.c:8:8: error: '_strdup' redeclared without dllimport attribute: previous dllimport ignored [-Werror=attributes]
    8 | char * _strdup(const char * str) {
      |        ^~~~~~~
test.c: In function 'enlarge_test':
test.c:442:9: error: 'sprintf' argument 3 overlaps destination object 'msg' [-Werror=restrict]
  442 |         sprintf(msg,"%.100s\nbut should be: \nvalue3  (null)  (null)  (null)  value4  (null)  value2  value1  value0  (null)  (null)  (null)  value5  (null)  (null)  (null)  (null)  (null)  (null)  (null)",msg);
      |         ^~~~~~~~~~~~~~~~~~~~~~~~~~~~~~~~~~~~~~~~~~~~~~~~~~~~~~~~~~~~~~~~~~~~~~~~~~~~~~~~~~~~~~~~~~~~~~~~~~~~~~~~~~~~~~~~~~~~~~~~~~~~~~~~~~~~~~~~~~~~~~~~~~~~~~~~~~~~~~~~~~~~~~~~~~~~~~~~~~~~~~~~~~~~~~~~~~~~~~~~~~
test.c:14:6: note: destination object referenced by 'restrict'-qualified argument 1 was declared here
   14 | char msg[300];
      |      ^~~
test.c:439:18: error: 'sprintf' argument 3 overlaps destination object 'msg' [-Werror=restrict]
  439 |             else sprintf(msg,"%.100s%s  ", msg, (char*)map->buckets[i]->value);
      |                  ^~~~~~~~~~~~~~~~~~~~~~~~~~~~~~~~~~~~~~~~~~~~~~~~~~~~~~~~~~~~~
test.c:14:6: note: destination object referenced by 'restrict'-qualified argument 1 was declared here
   14 | char msg[300];
      |      ^~~
test.c:438:39: error: 'sprintf' argument 3 overlaps destination object 'msg' [-Werror=restrict]
  438 |             if(map->buckets[i]==NULL) sprintf(msg,"%.100s(null)  ",msg);
      |                                       ^~~~~~~~~~~~~~~~~~~~~~~~~~~~~~~~~
test.c:14:6: note: destination object referenced by 'restrict'-qualified argument 1 was declared here
   14 | char msg[300];
      |      ^~~
cc1.exe: all warnings being treated as errors
e06ffdb
Sat, Sep 13, 2025  3:03:20 AM: 
Compilation failed
test.c:8:8: error: '_strdup' redeclared without dllimport attribute: previous dllimport ignored [-Werror=attributes]
    8 | char * _strdup(const char * str) {
      |        ^~~~~~~
test.c: In function 'enlarge_test':
test.c:442:9: error: 'sprintf' argument 3 overlaps destination object 'msg' [-Werror=restrict]
  442 |         sprintf(msg,"%.100s\nbut should be: \nvalue3  (null)  (null)  (null)  value4  (null)  value2  value1  value0  (null)  (null)  (null)  value5  (null)  (null)  (null)  (null)  (null)  (null)  (null)",msg);
      |         ^~~~~~~~~~~~~~~~~~~~~~~~~~~~~~~~~~~~~~~~~~~~~~~~~~~~~~~~~~~~~~~~~~~~~~~~~~~~~~~~~~~~~~~~~~~~~~~~~~~~~~~~~~~~~~~~~~~~~~~~~~~~~~~~~~~~~~~~~~~~~~~~~~~~~~~~~~~~~~~~~~~~~~~~~~~~~~~~~~~~~~~~~~~~~~~~~~~~~~~~~~
test.c:14:6: note: destination object referenced by 'restrict'-qualified argument 1 was declared here
   14 | char msg[300];
      |      ^~~
test.c:439:18: error: 'sprintf' argument 3 overlaps destination object 'msg' [-Werror=restrict]
  439 |             else sprintf(msg,"%.100s%s  ", msg, (char*)map->buckets[i]->value);
      |                  ^~~~~~~~~~~~~~~~~~~~~~~~~~~~~~~~~~~~~~~~~~~~~~~~~~~~~~~~~~~~~
test.c:14:6: note: destination object referenced by 'restrict'-qualified argument 1 was declared here
   14 | char msg[300];
      |      ^~~
test.c:438:39: error: 'sprintf' argument 3 overlaps destination object 'msg' [-Werror=restrict]
  438 |             if(map->buckets[i]==NULL) sprintf(msg,"%.100s(null)  ",msg);
      |                                       ^~~~~~~~~~~~~~~~~~~~~~~~~~~~~~~~~
test.c:14:6: note: destination object referenced by 'restrict'-qualified argument 1 was declared here
   14 | char msg[300];
      |      ^~~
cc1.exe: all warnings being treated as errors
92a99e0
